<?xml version="1.0" encoding="UTF-8"?>
<!-- Generated by org.testng.reporters.JUnitReportReporter -->
<testsuite hostname="SuDha" failures="0" tests="1" name="com.actitime.testscript.TaskModule" time="0.002" errors="0" timestamp="2023-10-02T22:42:20 IST" skipped="0">
  <testcase classname="com.actitime.testscript.TaskModule" name="CreateTask" time="0.002">
    <system-out>
      <![CDATA[Task Created]]>
    </system-out>
  </testcase> <!-- CreateTask -->
  <system-out>
    <![CDATA[customer created
Task Created]]>
  </system-out>
</testsuite> <!-- com.actitime.testscript.TaskModule -->
