<?xml version="1.0" encoding="UTF-8"?>
<!-- Generated by org.testng.reporters.JUnitReportReporter -->
<testsuite hostname="SuDha" failures="0" tests="1" name="com.actitime.testscript.CustomerModule" time="0.018" errors="0" timestamp="2023-10-02T22:42:20 IST" skipped="0">
  <testcase classname="com.actitime.testscript.CustomerModule" name="CreateCustomer" time="0.018">
    <system-out>
      <![CDATA[customer created]]>
    </system-out>
  </testcase> <!-- CreateCustomer -->
  <system-out>
    <![CDATA[customer created
Task Created]]>
  </system-out>
</testsuite> <!-- com.actitime.testscript.CustomerModule -->
